There are 1 GPU(s) available.
Executando o treinamento
 ********
Tokens por sentença: 16.
Sentenças por Bloco de treinamento: 4.
Modelo pré-treinado: neuralmind/bert-base-portuguese-cased.

There are 1 GPU(s) available.
Executando o treinamento
 ********
Tokens por sentença: 256.
Sentenças por Bloco de treinamento: 256.
Modelo pré-treinado: neuralmind/bert-base-portuguese-cased.


Executando o treinamento
 ********
Tokens por sentença: 128.
Sentenças por Bloco de treinamento: 256.
Modelo pré-treinado: neuralmind/bert-base-portuguese-cased.


Executando o treinamento
 ********
Tokens por sentença: 64.
Sentenças por Bloco de treinamento: 256.
Modelo pré-treinado: neuralmind/bert-base-portuguese-cased.


Executando o treinamento
 ********
Tokens por sentença: 32.
Sentenças por Bloco de treinamento: 256.
Modelo pré-treinado: neuralmind/bert-base-portuguese-cased.

{'loss': 2.1628, 'learning_rate': 3.335305719921105e-05, 'epoch': 1.0}

